This file contains any messages produced by compilers while
running configure, to aid debugging if configure makes a mistake.

It was created by GNU Autoconf configure 2.69, which was
generated by GNU Autoconf 2.69.  Invocation command line was

  $ ./configure 

## --------- ##
## Platform. ##
## --------- ##

hostname = Studionet
uname -m = x86_64
uname -r = 15.2.0
uname -s = Darwin
uname -v = Darwin Kernel Version 15.2.0: Fri Nov 13 19:56:56 PST 2015; root:xnu-3248.20.55~2/RELEASE_X86_64

/usr/bin/uname -p = i386
/bin/uname -X     = unknown

/bin/arch              = unknown
/usr/bin/arch -k       = unknown
/usr/convex/getsysinfo = unknown
/usr/bin/hostinfo      = Mach kernel version:
	 Darwin Kernel Version 15.2.0: Fri Nov 13 19:56:56 PST 2015; root:xnu-3248.20.55~2/RELEASE_X86_64
Kernel configured for up to 4 processors.
2 processors are physically available.
4 processors are logically available.
Processor type: i486 (Intel 80486)
Processors active: 0 1 2 3
Primary memory available: 8.00 gigabytes
Default processor set: 467 tasks, 3436 threads, 4 processors
Load average: 3.91, Mach factor: 1.10
/bin/machine           = unknown
/usr/bin/oslevel       = unknown
/bin/universe          = unknown

PATH: /Users/stevenjames2/.gvm/bin
PATH: /usr/local/bin
PATH: /usr/bin
PATH: /bin
PATH: /usr/sbin
PATH: /sbin
PATH: /opt/X11/bin
PATH: /usr/local/MacGPG2/bin
PATH: /usr/local/munki
PATH: /Library/TeX/texbin


## ----------- ##
## Core tests. ##
## ----------- ##

configure:1809: checking for a BSD-compatible install
configure:1877: result: /usr/local/bin/ginstall -c
configure:1888: checking whether build environment is sane
configure:1943: result: yes
configure:2094: checking for a thread-safe mkdir -p
configure:2133: result: /usr/local/bin/gmkdir -p
configure:2140: checking for gawk
configure:2156: found /usr/local/bin/gawk
configure:2167: result: gawk
configure:2178: checking whether make sets $(MAKE)
configure:2200: result: yes
configure:2229: checking whether make supports nested variables
configure:2246: result: yes
configure:2381: checking build system type
configure:2390: error: cannot guess build type; you must specify one

## ---------------- ##
## Cache variables. ##
## ---------------- ##

ac_cv_env_EMACSLOADPATH_set=
ac_cv_env_EMACSLOADPATH_value=
ac_cv_env_EMACS_set=
ac_cv_env_EMACS_value=
ac_cv_env_M4_set=
ac_cv_env_M4_value=
ac_cv_env_build_alias_set=
ac_cv_env_build_alias_value=
ac_cv_env_host_alias_set=
ac_cv_env_host_alias_value=
ac_cv_env_target_alias_set=
ac_cv_env_target_alias_value=
ac_cv_path_install='/usr/local/bin/ginstall -c'
ac_cv_path_mkdir=/usr/local/bin/gmkdir
ac_cv_prog_AWK=gawk
ac_cv_prog_make_make_set=yes
am_cv_make_support_nested_variables=yes

## ----------------- ##
## Output variables. ##
## ----------------- ##

ACLOCAL='${SHELL} /Users/stevenjames2/Documents/autoconf/build-aux/missing aclocal-1.14'
AMTAR='$${TAR-tar}'
AM_BACKSLASH='\'
AM_DEFAULT_V='$(AM_DEFAULT_VERBOSITY)'
AM_DEFAULT_VERBOSITY='1'
AM_V='$(V)'
AUTOCONF='${SHELL} /Users/stevenjames2/Documents/autoconf/build-aux/missing autoconf'
AUTOHEADER='${SHELL} /Users/stevenjames2/Documents/autoconf/build-aux/missing autoheader'
AUTOMAKE='${SHELL} /Users/stevenjames2/Documents/autoconf/build-aux/missing automake-1.14'
AWK='gawk'
CYGPATH_W='echo'
DEFS=''
ECHO_C='\c'
ECHO_N=''
ECHO_T=''
EGREP=''
EMACS=''
EMACSLOADPATH=''
EXPR=''
GREP=''
HELP2MAN=''
INSTALL_DATA='${INSTALL} -m 644'
INSTALL_PROGRAM='${INSTALL}'
INSTALL_SCRIPT='${INSTALL}'
INSTALL_STRIP_PROGRAM='$(install_sh) -c -s'
LIBOBJS=''
LIBS=''
LTLIBOBJS=''
M4=''
M4_DEBUGFILE=''
M4_GNU=''
MAKEINFO='${SHELL} /Users/stevenjames2/Documents/autoconf/build-aux/missing makeinfo'
MAKE_CASE_SENSITIVE_FALSE=''
MAKE_CASE_SENSITIVE_TRUE=''
MKDIR_P='/usr/local/bin/gmkdir -p'
PACKAGE='autoconf'
PACKAGE_BUGREPORT='bug-autoconf@gnu.org'
PACKAGE_NAME='GNU Autoconf'
PACKAGE_STRING='GNU Autoconf 2.69'
PACKAGE_TARNAME='autoconf'
PACKAGE_URL='http://www.gnu.org/software/autoconf/'
PACKAGE_VERSION='2.69'
PATH_SEPARATOR=':'
PERL=''
PERL_FLOCK=''
RELEASE_YEAR='2015'
SED=''
SET_MAKE=''
SHELL='/bin/sh'
STRIP=''
TEST_EMACS=''
VERSION='2.69'
ac_cv_dir_trailing_space=''
ac_cv_sh_n_works=''
ac_cv_unsupported_fs_chars=''
am__isrc=''
am__leading_dot='.'
am__tar='$${TAR-tar} chof - "$$tardir"'
am__untar='$${TAR-tar} xf -'
bindir='${exec_prefix}/bin'
build=''
build_alias=''
build_cpu=''
build_os=''
build_vendor=''
datadir='${datarootdir}'
datarootdir='${prefix}/share'
docdir='${datarootdir}/doc/${PACKAGE_TARNAME}'
dvidir='${docdir}'
exec_prefix='NONE'
host=''
host_alias=''
host_cpu=''
host_os=''
host_vendor=''
htmldir='${docdir}'
includedir='${prefix}/include'
infodir='${datarootdir}/info'
install_sh='${SHELL} /Users/stevenjames2/Documents/autoconf/build-aux/install-sh'
libdir='${exec_prefix}/lib'
libexecdir='${exec_prefix}/libexec'
lispdir=''
localedir='${datarootdir}/locale'
localstatedir='${prefix}/var'
mandir='${datarootdir}/man'
mkdir_p='$(MKDIR_P)'
oldincludedir='/usr/include'
pdfdir='${docdir}'
prefix='NONE'
program_transform_name='s,x,x,'
psdir='${docdir}'
sbindir='${exec_prefix}/sbin'
sharedstatedir='${prefix}/com'
sysconfdir='${prefix}/etc'
target_alias=''

## ----------- ##
## confdefs.h. ##
## ----------- ##

/* confdefs.h */
#define PACKAGE_NAME "GNU Autoconf"
#define PACKAGE_TARNAME "autoconf"
#define PACKAGE_VERSION "2.69"
#define PACKAGE_STRING "GNU Autoconf 2.69"
#define PACKAGE_BUGREPORT "bug-autoconf@gnu.org"
#define PACKAGE_URL "http://www.gnu.org/software/autoconf/"
#define PACKAGE "autoconf"
#define VERSION "2.69"

configure: exit 1
